<?xml version="1.0" encoding="UTF-8"?>
<testsuite name="db.interview.ListTradeMessagesApiController2Test" tests="1" skipped="1" failures="0" errors="0" timestamp="2020-05-12T13:57:10" hostname="Daniels-MBP" time="0.0">
  <properties/>
  <testcase name="contexLoads" classname="db.interview.ListTradeMessagesApiController2Test" time="0.0">
    <skipped/>
  </testcase>
  <system-out><![CDATA[15:57:10.067 [Test worker] DEBUG org.springframework.test.context.junit4.SpringJUnit4ClassRunner - SpringJUnit4ClassRunner constructor called with [class db.interview.ListTradeMessagesApiController2Test]
15:57:10.080 [Test worker] DEBUG org.springframework.test.context.BootstrapUtils - Instantiating CacheAwareContextLoaderDelegate from class [org.springframework.test.context.cache.DefaultCacheAwareContextLoaderDelegate]
15:57:10.090 [Test worker] DEBUG org.springframework.test.context.BootstrapUtils - Instantiating BootstrapContext using constructor [public org.springframework.test.context.support.DefaultBootstrapContext(java.lang.Class,org.springframework.test.context.CacheAwareContextLoaderDelegate)]
15:57:10.122 [Test worker] DEBUG org.springframework.test.context.BootstrapUtils - Instantiating TestContextBootstrapper for test class [db.interview.ListTradeMessagesApiController2Test] from class [org.springframework.boot.test.context.SpringBootTestContextBootstrapper]
15:57:10.139 [Test worker] INFO org.springframework.boot.test.context.SpringBootTestContextBootstrapper - Neither @ContextConfiguration nor @ContextHierarchy found for test class [db.interview.ListTradeMessagesApiController2Test], using SpringBootContextLoader
15:57:10.143 [Test worker] DEBUG org.springframework.test.context.support.AbstractContextLoader - Did not detect default resource location for test class [db.interview.ListTradeMessagesApiController2Test]: class path resource [db/interview/ListTradeMessagesApiController2Test-context.xml] does not exist
15:57:10.144 [Test worker] DEBUG org.springframework.test.context.support.AbstractContextLoader - Did not detect default resource location for test class [db.interview.ListTradeMessagesApiController2Test]: class path resource [db/interview/ListTradeMessagesApiController2TestContext.groovy] does not exist
15:57:10.145 [Test worker] INFO org.springframework.test.context.support.AbstractContextLoader - Could not detect default resource locations for test class [db.interview.ListTradeMessagesApiController2Test]: no resource found for suffixes {-context.xml, Context.groovy}.
15:57:10.147 [Test worker] INFO org.springframework.test.context.support.AnnotationConfigContextLoaderUtils - Could not detect default configuration classes for test class [db.interview.ListTradeMessagesApiController2Test]: ListTradeMessagesApiController2Test does not declare any static, non-private, non-final, nested classes annotated with @Configuration.
15:57:10.240 [Test worker] DEBUG org.springframework.test.context.support.ActiveProfilesUtils - Could not find an 'annotation declaring class' for annotation type [org.springframework.test.context.ActiveProfiles] and class [db.interview.ListTradeMessagesApiController2Test]
15:57:10.253 [Test worker] DEBUG org.springframework.core.env.StandardEnvironment - Adding PropertySource 'systemProperties' with lowest search precedence
15:57:10.254 [Test worker] DEBUG org.springframework.core.env.StandardEnvironment - Adding PropertySource 'systemEnvironment' with lowest search precedence
15:57:10.255 [Test worker] DEBUG org.springframework.core.env.StandardEnvironment - Initialized StandardEnvironment with PropertySources [MapPropertySource@116409923 {name='systemProperties', properties={gopherProxySet=false, awt.toolkit=sun.lwawt.macosx.LWCToolkit, java.specification.version=11, sun.cpu.isalist=, sun.jnu.encoding=UTF-8, org.gradle.test.worker=6, java.class.path=/Users/danielbeyer/.gradle/caches/5.0/workerMain/gradle-worker.jar:/Users/danielbeyer/01_Entwicklung/devProjects/DBInterviewTradeFF/build/classes/java/test:/Users/danielbeyer/01_Entwicklung/devProjects/DBInterviewTradeFF/build/resources/test:/Users/danielbeyer/01_Entwicklung/devProjects/DBInterviewTradeFF/build/classes/java/main:/Users/danielbeyer/01_Entwicklung/devProjects/DBInterviewTradeFF/build/resources/main:/Users/danielbeyer/.gradle/caches/modules-2/files-2.1/org.springframework.boot/spring-boot-starter-web/1.5.9.RELEASE/bda9733d5e6ba6d1a97deead1738713dc0631b3e/spring-boot-starter-web-1.5.9.RELEASE.jar:/Users/danielbeyer/.gradle/caches/modules-2/files-2.1/org.hibernate/hibernate-validator/5.3.6.Final/4c730be8bf55a8e9a61e79a2f2c079abf48b718/hibernate-validator-5.3.6.Final.jar:/Users/danielbeyer/.gradle/caches/modules-2/files-2.1/javax.validation/validation-api/1.1.0.Final/8613ae82954779d518631e05daa73a6a954817d5/validation-api-1.1.0.Final.jar:/Users/danielbeyer/.gradle/caches/modules-2/files-2.1/org.springframework.boot/spring-boot-starter-tomcat/1.5.9.RELEASE/4615056f8a2bcad03ba8cdf410419ee3d101c5bb/spring-boot-starter-tomcat-1.5.9.RELEASE.jar:/Users/danielbeyer/.gradle/caches/modules-2/files-2.1/io.springfox/springfox-swagger2/2.7.0/dd28b7ce26af1209d6ef19f5f24a8c23b41ca6fc/springfox-swagger2-2.7.0.jar:/Users/danielbeyer/.gradle/caches/modules-2/files-2.1/io.springfox/springfox-swagger-ui/2.7.0/92608eb6c2056810b4e3189196b4e8cce645d6de/springfox-swagger-ui-2.7.0.jar:/Users/danielbeyer/.gradle/caches/modules-2/files-2.1/com.fasterxml.jackson.datatype/jackson-datatype-jsr310/2.10.1/52ee272b0181a1c0df5c931235c494b1e0e022d0/jackson-datatype-jsr310-2.10.1.jar:/Users/danielbeyer/.gradle/caches/modules-2/files-2.1/io.springfox/springfox-swagger-common/2.7.0/5a632aecc733753887f90592382fa271e546062a/springfox-swagger-common-2.7.0.jar:/Users/danielbeyer/.gradle/caches/modules-2/files-2.1/io.swagger/swagger-models/1.5.13/571a0046f35f9dac569a1870465248595e33ccdb/swagger-models-1.5.13.jar:/Users/danielbeyer/.gradle/caches/modules-2/files-2.1/io.springfox/springfox-spring-web/2.7.0/a54be5572b6b5210f6892e13d6b136dde5e96bf6/springfox-spring-web-2.7.0.jar:/Users/danielbeyer/.gradle/caches/modules-2/files-2.1/io.springfox/springfox-schema/2.7.0/aab297a6781e829b9d6bac514a4dc860966c3c8d/springfox-schema-2.7.0.jar:/Users/danielbeyer/.gradle/caches/modules-2/files-2.1/io.springfox/springfox-spi/2.7.0/dab14edcb863dd506278dc950908b4f684e93b7/springfox-spi-2.7.0.jar:/Users/danielbeyer/.gradle/caches/modules-2/files-2.1/io.springfox/springfox-core/2.7.0/f3e6d1cf5170b4b56ee0a00c1b3b05221f2ecb96/springfox-core-2.7.0.jar:/Users/danielbeyer/.gradle/caches/modules-2/files-2.1/org.springframework.plugin/spring-plugin-metadata/1.2.0.RELEASE/97223fc496b6cab31602eedbd4202aa4fff0d44f/spring-plugin-metadata-1.2.0.RELEASE.jar:/Users/danielbeyer/.gradle/caches/modules-2/files-2.1/org.springframework.plugin/spring-plugin-core/1.2.0.RELEASE/f380e7760032e7d929184f8ad8a33716b75c0657/spring-plugin-core-1.2.0.RELEASE.jar:/Users/danielbeyer/.gradle/caches/modules-2/files-2.1/org.springframework.boot/spring-boot-starter-test/1.5.9.RELEASE/b5adf6fbf53be00b7ae52f657d564122edbe5156/spring-boot-starter-test-1.5.9.RELEASE.jar:/Users/danielbeyer/.gradle/caches/modules-2/files-2.1/com.jayway.jsonpath/json-path/2.2.0/22290d17944bd239fabf5ac69005a60a7ecbbbcb/json-path-2.2.0.jar:/Users/danielbeyer/.gradle/caches/modules-2/files-2.1/org.springframework.boot/spring-boot-starter/1.5.9.RELEASE/6bfb34db2715ee86c6e2337fa145650588b4b1b3/spring-boot-starter-1.5.9.RELEASE.jar:/Users/danielbeyer/.gradle/caches/modules-2/files-2.1/org.springframework.boot/spring-boot-starter-logging/1.5.9.RELEASE/30fd62a1ce9639759d90d49608501082314c1628/spring-boot-starter-logging-1.5.9.RELEASE.jar:/Users/danielbeyer/.gradle/caches/modules-2/files-2.1/ch.qos.logback/logback-classic/1.1.11/ccedfbacef4a6515d2983e3f89ed753d5d4fb665/logback-classic-1.1.11.jar:/Users/danielbeyer/.gradle/caches/modules-2/files-2.1/org.slf4j/jcl-over-slf4j/1.7.25/f8c32b13ff142a513eeb5b6330b1588dcb2c0461/jcl-over-slf4j-1.7.25.jar:/Users/danielbeyer/.gradle/caches/modules-2/files-2.1/org.slf4j/jul-to-slf4j/1.7.25/af5364cd6679bfffb114f0dec8a157aaa283b76/jul-to-slf4j-1.7.25.jar:/Users/danielbeyer/.gradle/caches/modules-2/files-2.1/org.slf4j/log4j-over-slf4j/1.7.25/a87bb47468f47ee7aabbd54f93e133d4215769c3/log4j-over-slf4j-1.7.25.jar:/Users/danielbeyer/.gradle/caches/modules-2/files-2.1/org.slf4j/slf4j-api/1.7.30/b5a4b6d16ab13e34a88fae84c35cd5d68cac922c/slf4j-api-1.7.30.jar:/Users/danielbeyer/.gradle/caches/modules-2/files-2.1/javax.xml.bind/jaxb-api/2.3.0/99f802e0cb3e953ba3d6e698795c4aeb98d37c48/jaxb-api-2.3.0.jar:/Users/danielbeyer/.gradle/caches/modules-2/files-2.1/com.sun.xml.bind/jaxb-core/2.3.0/d044c784e41d026778693fb44a8026c1fd9a7506/jaxb-core-2.3.0.jar:/Users/danielbeyer/.gradle/caches/modules-2/files-2.1/com.sun.xml.bind/jaxb-impl/2.3.0/3a3c6a62719d967175b76b63925f1fb495f11437/jaxb-impl-2.3.0.jar:/Users/danielbeyer/.gradle/caches/modules-2/files-2.1/javax.annotation/javax.annotation-api/1.3.2/934c04d3cfef185a8008e7bf34331b79730a9d43/javax.annotation-api-1.3.2.jar:/Users/danielbeyer/.gradle/caches/modules-2/files-2.1/junit/junit/4.12/2973d150c0dc1fefe998f834810d68f278ea58ec/junit-4.12.jar:/Users/danielbeyer/.gradle/caches/modules-2/files-2.1/com.fasterxml.jackson.core/jackson-databind/2.10.1/18eee15ffc662d27538d5b6ee84e4c92c0a9d03e/jackson-databind-2.10.1.jar:/Users/danielbeyer/.gradle/caches/modules-2/files-2.1/org.springframework/spring-webmvc/4.3.13.RELEASE/87a095c7a1d13fe433ae6712787238c1dbaa6919/spring-webmvc-4.3.13.RELEASE.jar:/Users/danielbeyer/.gradle/caches/modules-2/files-2.1/org.springframework/spring-web/4.3.13.RELEASE/7cd084992d546165ede3e99bc31ee49c937f0ce7/spring-web-4.3.13.RELEASE.jar:/Users/danielbeyer/.gradle/caches/modules-2/files-2.1/io.swagger/swagger-annotations/1.5.13/72433c890a61a876d22063e269be421c810a1a8d/swagger-annotations-1.5.13.jar:/Users/danielbeyer/.gradle/caches/modules-2/files-2.1/org.reflections/reflections/0.9.11/4c686033d918ec1727e329b7222fcb020152e32b/reflections-0.9.11.jar:/Users/danielbeyer/.gradle/caches/modules-2/files-2.1/com.google.guava/guava/20.0/89507701249388e1ed5ddcf8c41f4ce1be7831ef/guava-20.0.jar:/Users/danielbeyer/.gradle/caches/modules-2/files-2.1/com.fasterxml/classmate/1.3.3/864c8e370a691e343210cc7c532fc198cee460d8/classmate-1.3.3.jar:/Users/danielbeyer/.gradle/caches/modules-2/files-2.1/org.mapstruct/mapstruct/1.1.0.Final/65b81fa5234e1fd8461b77bbccee7b9ebc0bbbb2/mapstruct-1.1.0.Final.jar:/Users/danielbeyer/.gradle/caches/modules-2/files-2.1/com.fasterxml.jackson.core/jackson-annotations/2.10.1/54d72475c0d6819f2d0e9a09d25c3ed876a4972f/jackson-annotations-2.10.1.jar:/Users/danielbeyer/.gradle/caches/modules-2/files-2.1/com.fasterxml.jackson.core/jackson-core/2.10.1/2c8b5e26ba40e5f91eb37a24075a2028b402c5f9/jackson-core-2.10.1.jar:/Users/danielbeyer/.gradle/caches/modules-2/files-2.1/org.springframework.boot/spring-boot-test-autoconfigure/1.5.9.RELEASE/b428495e25b0531b2a977f51c5d29011c817b8ee/spring-boot-test-autoconfigure-1.5.9.RELEASE.jar:/Users/danielbeyer/.gradle/caches/modules-2/files-2.1/org.springframework.boot/spring-boot-test/1.5.9.RELEASE/7e604d56325f04a8b89a280e647746fc69e5a21f/spring-boot-test-1.5.9.RELEASE.jar:/Users/danielbeyer/.gradle/caches/modules-2/files-2.1/org.assertj/assertj-core/2.6.0/b532c3fc4f66bcfee4989a3514f1cd56203a33ad/assertj-core-2.6.0.jar:/Users/danielbeyer/.gradle/caches/modules-2/files-2.1/org.mockito/mockito-core/1.10.19/e8546f5bef4e061d8dd73895b4e8f40e3fe6effe/mockito-core-1.10.19.jar:/Users/danielbeyer/.gradle/caches/modules-2/files-2.1/org.hamcrest/hamcrest-library/1.3/4785a3c21320980282f9f33d0d1264a69040538f/hamcrest-library-1.3.jar:/Users/danielbeyer/.gradle/caches/modules-2/files-2.1/org.hamcrest/hamcrest-core/1.3/42a25dc3219429f0e5d060061f71acb49bf010a0/hamcrest-core-1.3.jar:/Users/danielbeyer/.gradle/caches/modules-2/files-2.1/org.skyscreamer/jsonassert/1.4.0/9cdbb373a06f6513e51e8c545ee6a5e981463edb/jsonassert-1.4.0.jar:/Users/danielbeyer/.gradle/caches/modules-2/files-2.1/org.springframework/spring-test/4.3.13.RELEASE/f4ff71b0d628d37f334d4f1f197c1b8cea364d01/spring-test-4.3.13.RELEASE.jar:/Users/danielbeyer/.gradle/caches/modules-2/files-2.1/org.springframework.boot/spring-boot-autoconfigure/1.5.9.RELEASE/88dd18bdaf317ae40971573a051fd47265f2ed39/spring-boot-autoconfigure-1.5.9.RELEASE.jar:/Users/danielbeyer/.gradle/caches/modules-2/files-2.1/org.springframework.boot/spring-boot/1.5.9.RELEASE/f472cdf948288796fb31e0bb03f6e7b022b763a0/spring-boot-1.5.9.RELEASE.jar:/Users/danielbeyer/.gradle/caches/modules-2/files-2.1/org.springframework/spring-context/4.3.13.RELEASE/6ab1c189a13182fa3256f6bbc68fafdaf8f5a19e/spring-context-4.3.13.RELEASE.jar:/Users/danielbeyer/.gradle/caches/modules-2/files-2.1/org.springframework/spring-aop/4.3.13.RELEASE/61f427b55951f59b50f3c2bd0de3c48960e2a342/spring-aop-4.3.13.RELEASE.jar:/Users/danielbeyer/.gradle/caches/modules-2/files-2.1/org.springframework/spring-beans/4.3.13.RELEASE/8613a7077722f1d97f8cb3fea4b0b40bfadf4496/spring-beans-4.3.13.RELEASE.jar:/Users/danielbeyer/.gradle/caches/modules-2/files-2.1/org.springframework/spring-expression/4.3.13.RELEASE/da22bf7df1262e429b49653be6cd5b89b6affe5e/spring-expression-4.3.13.RELEASE.jar:/Users/danielbeyer/.gradle/caches/modules-2/files-2.1/org.springframework/spring-core/4.3.13.RELEASE/eea18d7f4d01f1baa1b6728b678b5a6fe23c61f6/spring-core-4.3.13.RELEASE.jar:/Users/danielbeyer/.gradle/caches/modules-2/files-2.1/org.apache.tomcat.embed/tomcat-embed-websocket/8.5.23/52f07abcae10dc7e1764304b0877def175c2c833/tomcat-embed-websocket-8.5.23.jar:/Users/danielbeyer/.gradle/caches/modules-2/files-2.1/org.apache.tomcat.embed/tomcat-embed-core/8.5.23/79261793a47f507890ee08f749b9d81774e4f7f0/tomcat-embed-core-8.5.23.jar:/Users/danielbeyer/.gradle/caches/modules-2/files-2.1/org.apache.tomcat.embed/tomcat-embed-el/8.5.23/98d979cde444dffa6d434c8377d0123b2dfa614c/tomcat-embed-el-8.5.23.jar:/Users/danielbeyer/.gradle/caches/modules-2/files-2.1/org.yaml/snakeyaml/1.17/7a27ea250c5130b2922b86dea63cbb1cc10a660c/snakeyaml-1.17.jar:/Users/danielbeyer/.gradle/caches/modules-2/files-2.1/org.jboss.logging/jboss-logging/3.3.0.Final/3616bb87707910296e2c195dc016287080bba5af/jboss-logging-3.3.0.Final.jar:/Users/danielbeyer/.gradle/caches/modules-2/files-2.1/net.minidev/json-smart/2.2.1/5b9e5df7a62d1279b70dc882b041d249c4f0b002/json-smart-2.2.1.jar:/Users/danielbeyer/.gradle/caches/modules-2/files-2.1/org.objenesis/objenesis/2.1/87c0ea803b69252868d09308b4618f766f135a96/objenesis-2.1.jar:/Users/danielbeyer/.gradle/caches/modules-2/files-2.1/com.vaadin.external.google/android-json/0.0.20131108.vaadin1/fa26d351fe62a6a17f5cda1287c1c6110dec413f/android-json-0.0.20131108.vaadin1.jar:/Users/danielbeyer/.gradle/caches/modules-2/files-2.1/commons-logging/commons-logging/1.2/4bfc12adfe4842bf07b657f0369c4cb522955686/commons-logging-1.2.jar:/Users/danielbeyer/.gradle/caches/modules-2/files-2.1/org.apache.tomcat/tomcat-annotations-api/8.5.23/aaf17df9fe0240e9e9d5375d24d5f177174b73d9/tomcat-annotations-api-8.5.23.jar:/Users/danielbeyer/.gradle/caches/modules-2/files-2.1/net.bytebuddy/byte-buddy/1.6.14/871c3e49dc6183d0d361601c2f1d11abb1a6b48c/byte-buddy-1.6.14.jar:/Users/danielbeyer/.gradle/caches/modules-2/files-2.1/org.javassist/javassist/3.21.0-GA/598244f595db5c5fb713731eddbb1c91a58d959b/javassist-3.21.0-GA.jar:/Users/danielbeyer/.gradle/caches/modules-2/files-2.1/net.minidev/accessors-smart/1.1/a527213f2fea112a04c9bdf0ec0264e34104cd08/accessors-smart-1.1.jar:/Users/danielbeyer/.gradle/caches/modules-2/files-2.1/ch.qos.logback/logback-core/1.1.11/88b8df40340eed549fb07e2613879bf6b006704d/logback-core-1.1.11.jar:/Users/danielbeyer/.gradle/caches/modules-2/files-2.1/org.ow2.asm/asm/5.0.3/dcc2193db20e19e1feca8b1240dbbc4e190824fa/asm-5.0.3.jar, java.vm.vendor=Oracle Corporation, sun.arch.data.model=64, user.variant=, java.vendor.url=http://java.oracle.com/, user.timezone=Europe/Berlin, os.name=Mac OS X, java.vm.specification.version=11, user.country=DE, sun.java.launcher=SUN_STANDARD, sun.boot.library.path=/Users/danielbeyer/01_Entwicklung/devProjects/jdk11/jdk-11.0.4.jdk/Contents/Home/lib, sun.java.command=worker.org.gradle.process.internal.worker.GradleWorkerMain 'Gradle Test Executor 6', http.nonProxyHosts=local|*.local|169.254/16|*.169.254/16, jdk.debug=release, sun.cpu.endian=little, user.home=/Users/danielbeyer, user.language=de, java.specification.vendor=Oracle Corporation, org.gradle.native=false, java.version.date=2019-07-16, java.home=/Users/danielbeyer/01_Entwicklung/devProjects/jdk11/jdk-11.0.4.jdk/Contents/Home, file.separator=/, java.vm.compressedOopsMode=Zero based, line.separator=
, java.specification.name=Java Platform API Specification, java.vm.specification.vendor=Oracle Corporation, java.awt.graphicsenv=sun.awt.CGraphicsEnvironment, sun.management.compiler=HotSpot 64-Bit Tiered Compilers, ftp.nonProxyHosts=local|*.local|169.254/16|*.169.254/16, java.runtime.version=11.0.4+10-LTS, user.name=danielbeyer, path.separator=:, os.version=10.15.4, java.runtime.name=Java(TM) SE Runtime Environment, file.encoding=UTF-8, java.vm.name=Java HotSpot(TM) 64-Bit Server VM, java.vendor.version=18.9, java.vendor.url.bug=http://bugreport.java.com/bugreport/, java.io.tmpdir=/var/folders/8t/58c10rls20v903936701s58w0000gp/T/, java.version=11.0.4, user.dir=/Users/danielbeyer/01_Entwicklung/devProjects/DBInterviewTradeFF, os.arch=x86_64, java.vm.specification.name=Java Virtual Machine Specification, java.awt.printerjob=sun.lwawt.macosx.CPrinterJob, sun.os.patch.level=unknown, java.library.path=/Users/danielbeyer/Library/Java/Extensions:/Library/Java/Extensions:/Network/Library/Java/Extensions:/System/Library/Java/Extensions:/usr/lib/java:., java.vendor=Oracle Corporation, java.vm.info=mixed mode, java.vm.version=11.0.4+10-LTS, sun.io.unicode.encoding=UnicodeBig, java.class.version=55.0, socksNonProxyHosts=local|*.local|169.254/16|*.169.254/16}}, SystemEnvironmentPropertySource@2141464234 {name='systemEnvironment', properties={PATH=/Users/danielbeyer/01_Entwicklung/progz/maven3/bin:/Users/danielbeyer/01_Entwicklung/progz/mongodb-3.4.1/bin:/Users/danielbeyer/01_Entwicklung/devProjects/jdk11/jdk-11.0.4.jdk/Contents/Home/bin:/Library/Frameworks/Python.framework/Versions/3.7/bin:/Users/danielbeyer/Library/Python/2.7/bin:/usr/local/bin:/usr/bin:/bin:/usr/sbin:/sbin:/Applications/VMware Fusion.app/Contents/Public, SHELL=/bin/bash, APP_NAME_45682=Gradle, JAVA_HOME=/Users/danielbeyer/01_Entwicklung/devProjects/jdk11/jdk-11.0.4.jdk/Contents/Home, MONGODB=/Users/danielbeyer/01_Entwicklung/progz/mongodb-3.4.1, JAVA_MAIN_CLASS_45700=worker.org.gradle.process.internal.worker.GradleWorkerMain, OLDPWD=/usr/local/Cellar/gradle/5.0/libexec, TERM=xterm-256color, USER=danielbeyer, TERMINAL_EMULATOR=JetBrains-JediTerm, TMPDIR=/var/folders/8t/58c10rls20v903936701s58w0000gp/T/, MAVEN=/Users/danielbeyer/01_Entwicklung/progz/maven3, SSH_AUTH_SOCK=/private/tmp/com.apple.launchd.mubiTEfwu8/Listeners, JAVA_MAIN_CLASS_45682=org.gradle.launcher.GradleMain, XPC_FLAGS=0x0, APP_ICON_45682=/usr/local/Cellar/gradle/5.0/libexec/media/gradle.icns, __CF_USER_TEXT_ENCODING=0x1F6:0x0:0x3, LOGNAME=danielbeyer, LC_CTYPE=de_DE.UTF-8, XPC_SERVICE_NAME=0, PWD=/Users/danielbeyer/01_Entwicklung/devProjects/DBInterviewTradeFF, HOME=/Users/danielbeyer, SHLVL=1}}]
15:57:10.270 [Test worker] DEBUG org.springframework.core.io.support.PathMatchingResourcePatternResolver - Resolved classpath location [db/interview/] to resources [URL [file:/Users/danielbeyer/01_Entwicklung/devProjects/DBInterviewTradeFF/build/classes/java/test/db/interview/], URL [file:/Users/danielbeyer/01_Entwicklung/devProjects/DBInterviewTradeFF/build/classes/java/main/db/interview/]]
15:57:10.271 [Test worker] DEBUG org.springframework.core.io.support.PathMatchingResourcePatternResolver - Looking for matching resources in directory tree [/Users/danielbeyer/01_Entwicklung/devProjects/DBInterviewTradeFF/build/classes/java/test/db/interview]
15:57:10.272 [Test worker] DEBUG org.springframework.core.io.support.PathMatchingResourcePatternResolver - Searching directory [/Users/danielbeyer/01_Entwicklung/devProjects/DBInterviewTradeFF/build/classes/java/test/db/interview] for files matching pattern [/Users/danielbeyer/01_Entwicklung/devProjects/DBInterviewTradeFF/build/classes/java/test/db/interview/*.class]
15:57:10.276 [Test worker] DEBUG org.springframework.core.io.support.PathMatchingResourcePatternResolver - Looking for matching resources in directory tree [/Users/danielbeyer/01_Entwicklung/devProjects/DBInterviewTradeFF/build/classes/java/main/db/interview]
15:57:10.277 [Test worker] DEBUG org.springframework.core.io.support.PathMatchingResourcePatternResolver - Searching directory [/Users/danielbeyer/01_Entwicklung/devProjects/DBInterviewTradeFF/build/classes/java/main/db/interview] for files matching pattern [/Users/danielbeyer/01_Entwicklung/devProjects/DBInterviewTradeFF/build/classes/java/main/db/interview/*.class]
15:57:10.279 [Test worker] DEBUG org.springframework.core.io.support.PathMatchingResourcePatternResolver - Resolved location pattern [classpath*:db/interview/*.class] to resources [file [/Users/danielbeyer/01_Entwicklung/devProjects/DBInterviewTradeFF/build/classes/java/test/db/interview/ListTradeMessagesApiController2Test.class], file [/Users/danielbeyer/01_Entwicklung/devProjects/DBInterviewTradeFF/build/classes/java/test/db/interview/ListTradeMessagesApiControllerTest.class], file [/Users/danielbeyer/01_Entwicklung/devProjects/DBInterviewTradeFF/build/classes/java/main/db/interview/ConvertMessageException.class], file [/Users/danielbeyer/01_Entwicklung/devProjects/DBInterviewTradeFF/build/classes/java/main/db/interview/MessageToTradeMessageConverter.class], file [/Users/danielbeyer/01_Entwicklung/devProjects/DBInterviewTradeFF/build/classes/java/main/db/interview/RFC3339DateFormat.class], file [/Users/danielbeyer/01_Entwicklung/devProjects/DBInterviewTradeFF/build/classes/java/main/db/interview/Swagger2SpringBoot$ExitException.class], file [/Users/danielbeyer/01_Entwicklung/devProjects/DBInterviewTradeFF/build/classes/java/main/db/interview/Swagger2SpringBoot.class], file [/Users/danielbeyer/01_Entwicklung/devProjects/DBInterviewTradeFF/build/classes/java/main/db/interview/TradeOutdatedException.class]]
15:57:10.346 [Test worker] DEBUG org.springframework.context.annotation.ClassPathScanningCandidateComponentProvider - Identified candidate component class: file [/Users/danielbeyer/01_Entwicklung/devProjects/DBInterviewTradeFF/build/classes/java/main/db/interview/Swagger2SpringBoot.class]
15:57:10.348 [Test worker] INFO org.springframework.boot.test.context.SpringBootTestContextBootstrapper - Found @SpringBootConfiguration db.interview.Swagger2SpringBoot for test class db.interview.ListTradeMessagesApiController2Test
15:57:10.354 [Test worker] DEBUG org.springframework.boot.test.context.SpringBootTestContextBootstrapper - @TestExecutionListeners is not present for class [db.interview.ListTradeMessagesApiController2Test]: using defaults.
15:57:10.359 [Test worker] INFO org.springframework.boot.test.context.SpringBootTestContextBootstrapper - Loaded default TestExecutionListener class names from location [META-INF/spring.factories]: [org.springframework.boot.test.autoconfigure.restdocs.RestDocsTestExecutionListener, org.springframework.boot.test.autoconfigure.web.client.MockRestServiceServerResetTestExecutionListener, org.springframework.boot.test.autoconfigure.web.servlet.MockMvcPrintOnlyOnFailureTestExecutionListener, org.springframework.boot.test.autoconfigure.web.servlet.WebDriverTestExecutionListener, org.springframework.boot.test.mock.mockito.MockitoTestExecutionListener, org.springframework.boot.test.mock.mockito.ResetMocksTestExecutionListener, org.springframework.test.context.web.ServletTestExecutionListener, org.springframework.test.context.support.DirtiesContextBeforeModesTestExecutionListener, org.springframework.test.context.support.DependencyInjectionTestExecutionListener, org.springframework.test.context.support.DirtiesContextTestExecutionListener, org.springframework.test.context.transaction.TransactionalTestExecutionListener, org.springframework.test.context.jdbc.SqlScriptsTestExecutionListener]
15:57:10.378 [Test worker] INFO org.springframework.boot.test.context.SpringBootTestContextBootstrapper - Could not instantiate TestExecutionListener [org.springframework.test.context.transaction.TransactionalTestExecutionListener]. Specify custom listener classes or make the default listener classes (and their required dependencies) available. Offending class: [org/springframework/transaction/interceptor/TransactionAttributeSource]
15:57:10.379 [Test worker] INFO org.springframework.boot.test.context.SpringBootTestContextBootstrapper - Could not instantiate TestExecutionListener [org.springframework.test.context.jdbc.SqlScriptsTestExecutionListener]. Specify custom listener classes or make the default listener classes (and their required dependencies) available. Offending class: [org/springframework/transaction/interceptor/TransactionAttribute]
15:57:10.379 [Test worker] INFO org.springframework.boot.test.context.SpringBootTestContextBootstrapper - Using TestExecutionListeners: [org.springframework.test.context.web.ServletTestExecutionListener@681c5292, org.springframework.test.context.support.DirtiesContextBeforeModesTestExecutionListener@f3fc4c, org.springframework.boot.test.autoconfigure.SpringBootDependencyInjectionTestExecutionListener@5c47bb7d, org.springframework.test.context.support.DirtiesContextTestExecutionListener@2757e995, org.springframework.boot.test.autoconfigure.web.servlet.WebDriverTestExecutionListener@2d55b72f, org.springframework.boot.test.autoconfigure.web.client.MockRestServiceServerResetTestExecutionListener@32db3f55, org.springframework.boot.test.mock.mockito.MockitoTestExecutionListener@53a6e620, org.springframework.boot.test.autoconfigure.web.servlet.MockMvcPrintOnlyOnFailureTestExecutionListener@4ba5b680, org.springframework.boot.test.mock.mockito.ResetMocksTestExecutionListener@4bc99c14, org.springframework.boot.test.autoconfigure.restdocs.RestDocsTestExecutionListener@208333af]
15:57:10.382 [Test worker] DEBUG org.springframework.test.annotation.ProfileValueUtils - Retrieved @ProfileValueSourceConfiguration [null] for test class [db.interview.ListTradeMessagesApiController2Test]
15:57:10.383 [Test worker] DEBUG org.springframework.test.annotation.ProfileValueUtils - Retrieved ProfileValueSource type [class org.springframework.test.annotation.SystemProfileValueSource] for class [db.interview.ListTradeMessagesApiController2Test]
]]></system-out>
  <system-err><![CDATA[]]></system-err>
</testsuite>
