<?xml version="1.0" encoding="UTF-8"?>
<testsuite name="db.interview.ListTradeMessagesApiControllerTest" tests="1" skipped="1" failures="0" errors="0" timestamp="2020-05-12T13:57:09" hostname="Daniels-MBP" time="0.0">
  <properties/>
  <testcase name="contexLoads" classname="db.interview.ListTradeMessagesApiControllerTest" time="0.0">
    <skipped/>
  </testcase>
  <system-out><![CDATA[]]></system-out>
  <system-err><![CDATA[]]></system-err>
</testsuite>
